<?xml version="1.0" encoding="UTF-8"?>
<testsuite xmlns:xsi="http://www.w3.org/2001/XMLSchema-instance" xsi:schemaLocation="https://maven.apache.org/surefire/maven-surefire-plugin/xsd/surefire-test-report.xsd" name="com.sg.flooringmastery.service.ServiceLayerFileImplTest" time="0.265" tests="15" errors="0" skipped="0" failures="0">
  <properties>
    <property name="java.runtime.name" value="Java(TM) SE Runtime Environment"/>
    <property name="java.vm.version" value="14.0.2+12-46"/>
    <property name="sun.boot.library.path" value="/Library/Java/JavaVirtualMachines/jdk-14.0.2.jdk/Contents/Home/lib"/>
    <property name="maven.multiModuleProjectDirectory" value="/Users/benrickel/Desktop/Software Guild/online-java-2019-brickel08/Summatives/m5 summative/Flooring Mastery/FlooringMastery"/>
    <property name="java.vm.vendor" value="Oracle Corporation"/>
    <property name="java.vendor.url" value="https://java.oracle.com/"/>
    <property name="guice.disable.misplaced.annotation.check" value="true"/>
    <property name="path.separator" value=":"/>
    <property name="java.vm.name" value="Java HotSpot(TM) 64-Bit Server VM"/>
    <property name="user.country" value="US"/>
    <property name="sun.java.launcher" value="SUN_STANDARD"/>
    <property name="java.vm.specification.name" value="Java Virtual Machine Specification"/>
    <property name="user.dir" value="/Users/benrickel/Desktop/Software Guild/online-java-2019-brickel08/Summatives/m5 summative/Flooring Mastery/FlooringMastery"/>
    <property name="java.vm.compressedOopsMode" value="Zero based"/>
    <property name="java.runtime.version" value="14.0.2+12-46"/>
    <property name="os.arch" value="x86_64"/>
    <property name="java.io.tmpdir" value="/var/folders/kr/ns7zxlmx7qg70694d6vytkgh0000gn/T/"/>
    <property name="line.separator" value="&#10;"/>
    <property name="java.vm.specification.vendor" value="Oracle Corporation"/>
    <property name="os.name" value="Mac OS X"/>
    <property name="maven.ext.class.path" value="/Applications/NetBeans/Apache NetBeans 12.0.app/Contents/Resources/NetBeans/netbeans/java/maven-nblib/netbeans-eventspy.jar"/>
    <property name="classworlds.conf" value="/Applications/NetBeans/Apache NetBeans 12.0.app/Contents/Resources/NetBeans/netbeans/java/maven/bin/m2.conf"/>
    <property name="sun.jnu.encoding" value="UTF-8"/>
    <property name="java.library.path" value="/Users/benrickel/Library/Java/Extensions:/Library/Java/Extensions:/Network/Library/Java/Extensions:/System/Library/Java/Extensions:/usr/lib/java:."/>
    <property name="maven.conf" value="/Applications/NetBeans/Apache NetBeans 12.0.app/Contents/Resources/NetBeans/netbeans/java/maven/conf"/>
    <property name="jdk.debug" value="release"/>
    <property name="java.class.version" value="58.0"/>
    <property name="java.specification.name" value="Java Platform API Specification"/>
    <property name="sun.management.compiler" value="HotSpot 64-Bit Tiered Compilers"/>
    <property name="os.version" value="10.16"/>
    <property name="library.jansi.path" value="/Applications/NetBeans/Apache NetBeans 12.0.app/Contents/Resources/NetBeans/netbeans/java/maven/lib/jansi-native"/>
    <property name="http.nonProxyHosts" value="local|*.local|169.254/16|*.169.254/16"/>
    <property name="user.home" value="/Users/benrickel"/>
    <property name="user.timezone" value="America/Chicago"/>
    <property name="file.encoding" value="UTF-8"/>
    <property name="java.specification.version" value="14"/>
    <property name="user.name" value="benrickel"/>
    <property name="java.class.path" value="/Applications/NetBeans/Apache NetBeans 12.0.app/Contents/Resources/NetBeans/netbeans/java/maven/boot/plexus-classworlds-2.6.0.jar"/>
    <property name="java.vm.specification.version" value="14"/>
    <property name="sun.arch.data.model" value="64"/>
    <property name="sun.java.command" value="org.codehaus.plexus.classworlds.launcher.Launcher -Dmaven.ext.class.path=/Applications/NetBeans/Apache NetBeans 12.0.app/Contents/Resources/NetBeans/netbeans/java/maven-nblib/netbeans-eventspy.jar clean install"/>
    <property name="java.home" value="/Library/Java/JavaVirtualMachines/jdk-14.0.2.jdk/Contents/Home"/>
    <property name="user.language" value="en"/>
    <property name="java.specification.vendor" value="Oracle Corporation"/>
    <property name="java.vm.info" value="mixed mode, sharing"/>
    <property name="java.version" value="14.0.2"/>
    <property name="java.vendor" value="Oracle Corporation"/>
    <property name="maven.home" value="/Applications/NetBeans/Apache NetBeans 12.0.app/Contents/Resources/NetBeans/netbeans/java/maven"/>
    <property name="file.separator" value="/"/>
    <property name="java.version.date" value="2020-07-14"/>
    <property name="java.vendor.url.bug" value="https://bugreport.java.com/bugreport/"/>
    <property name="sun.io.unicode.encoding" value="UnicodeBig"/>
    <property name="sun.cpu.endian" value="little"/>
    <property name="socksNonProxyHosts" value="local|*.local|169.254/16|*.169.254/16"/>
    <property name="ftp.nonProxyHosts" value="local|*.local|169.254/16|*.169.254/16"/>
  </properties>
  <testcase name="testInvalidStateException" classname="com.sg.flooringmastery.service.ServiceLayerFileImplTest" time="0.031"/>
  <testcase name="testInvalidNameException" classname="com.sg.flooringmastery.service.ServiceLayerFileImplTest" time="0.02"/>
  <testcase name="testEditOrder" classname="com.sg.flooringmastery.service.ServiceLayerFileImplTest" time="0.017"/>
  <testcase name="testRemoveOrder" classname="com.sg.flooringmastery.service.ServiceLayerFileImplTest" time="0.024"/>
  <testcase name="testAddOrder" classname="com.sg.flooringmastery.service.ServiceLayerFileImplTest" time="0.021"/>
  <testcase name="testExportData" classname="com.sg.flooringmastery.service.ServiceLayerFileImplTest" time="0.012"/>
  <testcase name="testNoSuchOrderException" classname="com.sg.flooringmastery.service.ServiceLayerFileImplTest" time="0.014"/>
  <testcase name="testCalculateTotalCost" classname="com.sg.flooringmastery.service.ServiceLayerFileImplTest" time="0.013"/>
  <testcase name="testGetAllOrders" classname="com.sg.flooringmastery.service.ServiceLayerFileImplTest" time="0.012"/>
  <testcase name="testGetAllStateTaxInfo" classname="com.sg.flooringmastery.service.ServiceLayerFileImplTest" time="0.015"/>
  <testcase name="testGetOrderByDateAndNumber" classname="com.sg.flooringmastery.service.ServiceLayerFileImplTest" time="0.012"/>
  <testcase name="testGetAllProducts" classname="com.sg.flooringmastery.service.ServiceLayerFileImplTest" time="0.015"/>
  <testcase name="testInvalidDateException" classname="com.sg.flooringmastery.service.ServiceLayerFileImplTest" time="0.021"/>
  <testcase name="testGetOrdersByDate" classname="com.sg.flooringmastery.service.ServiceLayerFileImplTest" time="0.015"/>
  <testcase name="testInvalidDataEntry" classname="com.sg.flooringmastery.service.ServiceLayerFileImplTest" time="0.014"/>
</testsuite>